{
  "stats": {
    "suites": 1,
    "tests": 1,
    "passes": 0,
    "pending": 0,
    "failures": 1,
    "start": "2024-05-14T17:02:46.004Z",
    "end": "2024-05-14T17:03:00.625Z",
    "duration": 14621,
    "testsRegistered": 1,
    "passPercent": 0,
    "pendingPercent": 0,
    "other": 0,
    "hasOther": false,
    "skipped": 0,
    "hasSkipped": false
  },
  "results": [
    {
      "uuid": "66d1265a-0dfe-4e9a-a771-4b01332080c1",
      "title": "",
      "fullFile": "cypress\\e2e\\Login.cy.ts",
      "file": "cypress\\e2e\\Login.cy.ts",
      "beforeHooks": [],
      "afterHooks": [],
      "tests": [],
      "suites": [
        {
          "uuid": "6e05b65d-6571-4636-98dd-62abf54edc34",
          "title": "Login Page",
          "fullFile": "",
          "file": "",
          "beforeHooks": [],
          "afterHooks": [],
          "tests": [
            {
              "title": "TS_01 Verify that the user is able to login with valid credentials",
              "fullTitle": "Login Page TS_01 Verify that the user is able to login with valid credentials",
              "timedOut": null,
              "duration": 10989,
              "state": "failed",
              "speed": null,
              "pass": false,
              "fail": true,
              "pending": false,
              "context": null,
              "code": "const data = this.LoginData; // Access fixture data using 'this'\nloginPage.Navigate(data.URL);\nloginPage.EnterUserName(data.UserName);\nloginPage.EnterPassword(data.Password);\nloginPage.LoginToWebSite();\nloginPage.DisplaySuccessLoginMessage();\nloginPage.VerifyLogIn();",
              "err": {
                "message": "AssertionError: Timed out retrying after 4000ms: Expected to find element: `//*[contains(text(), 'Success-Login')]`, but never found it.",
                "estack": "AssertionError: Timed out retrying after 4000ms: Expected to find element: `//*[contains(text(), 'Success-Login')]`, but never found it.\n    at login_page.DisplaySuccessLoginMessage (webpack://typescript/./cypress/Pages/login_page.ts:41:0)\n    at Context.eval (webpack://typescript/./cypress/e2e/Login.cy.ts:18:0)",
                "diff": null
              },
              "uuid": "a6e8dc2d-07c5-44b0-852b-6c10b338abe2",
              "parentUUID": "6e05b65d-6571-4636-98dd-62abf54edc34",
              "isHook": false,
              "skipped": false
            }
          ],
          "suites": [],
          "passes": [],
          "failures": [
            "a6e8dc2d-07c5-44b0-852b-6c10b338abe2"
          ],
          "pending": [],
          "skipped": [],
          "duration": 10989,
          "root": false,
          "rootEmpty": false,
          "_timeout": 2000
        }
      ],
      "passes": [],
      "failures": [],
      "pending": [],
      "skipped": [],
      "duration": 0,
      "root": true,
      "rootEmpty": true,
      "_timeout": 2000
    }
  ],
  "meta": {
    "mocha": {
      "version": "7.0.1"
    },
    "mochawesome": {
      "options": {
        "quiet": false,
        "reportFilename": "mochawesome",
        "saveHtml": false,
        "saveJson": true,
        "consoleReporter": "spec",
        "useInlineDiffs": false,
        "code": true
      },
      "version": "7.1.3"
    },
    "marge": {
      "options": {
        "charts": true,
        "overwrite": false,
        "html": false,
        "json": true,
        "reportDir": "cypress/report/mochawesome-report"
      },
      "version": "6.2.0"
    }
  }
}