{
  "stats": {
    "suites": 1,
    "tests": 2,
    "passes": 2,
    "pending": 0,
    "failures": 0,
    "start": "2024-05-14T17:03:03.881Z",
    "end": "2024-05-14T17:03:13.559Z",
    "duration": 9678,
    "testsRegistered": 2,
    "passPercent": 100,
    "pendingPercent": 0,
    "other": 0,
    "hasOther": false,
    "skipped": 0,
    "hasSkipped": false
  },
  "results": [
    {
      "uuid": "237291c9-6139-496c-8505-1b9d21956d22",
      "title": "",
      "fullFile": "cypress\\e2e\\viewport.cy.ts",
      "file": "cypress\\e2e\\viewport.cy.ts",
      "beforeHooks": [],
      "afterHooks": [],
      "tests": [],
      "suites": [
        {
          "uuid": "0787ab00-6750-4314-b239-79e14ccc6c13",
          "title": "Testing view port",
          "fullFile": "",
          "file": "",
          "beforeHooks": [],
          "afterHooks": [],
          "tests": [
            {
              "title": "Testing ipad-6 view port",
              "fullTitle": "Testing view port Testing ipad-6 view port",
              "timedOut": null,
              "duration": 3657,
              "state": "passed",
              "speed": "fast",
              "pass": true,
              "fail": false,
              "pending": false,
              "context": null,
              "code": "cy.viewport(\"iphone-6\");\ncy.screenshot();",
              "err": {},
              "uuid": "e9bcab5d-5153-4320-a4c2-0745f64ee681",
              "parentUUID": "0787ab00-6750-4314-b239-79e14ccc6c13",
              "isHook": false,
              "skipped": false
            },
            {
              "title": "Testing ipad-6 view port",
              "fullTitle": "Testing view port Testing ipad-6 view port",
              "timedOut": null,
              "duration": 1890,
              "state": "passed",
              "speed": "fast",
              "pass": true,
              "fail": false,
              "pending": false,
              "context": null,
              "code": "cy.viewport(\"macbook-13\");\ncy.screenshot();",
              "err": {},
              "uuid": "cddae3c2-5ed9-474e-b6cc-fa162cc4a285",
              "parentUUID": "0787ab00-6750-4314-b239-79e14ccc6c13",
              "isHook": false,
              "skipped": false
            }
          ],
          "suites": [],
          "passes": [
            "e9bcab5d-5153-4320-a4c2-0745f64ee681",
            "cddae3c2-5ed9-474e-b6cc-fa162cc4a285"
          ],
          "failures": [],
          "pending": [],
          "skipped": [],
          "duration": 5547,
          "root": false,
          "rootEmpty": false,
          "_timeout": 2000
        }
      ],
      "passes": [],
      "failures": [],
      "pending": [],
      "skipped": [],
      "duration": 0,
      "root": true,
      "rootEmpty": true,
      "_timeout": 2000
    }
  ],
  "meta": {
    "mocha": {
      "version": "7.0.1"
    },
    "mochawesome": {
      "options": {
        "quiet": false,
        "reportFilename": "mochawesome",
        "saveHtml": false,
        "saveJson": true,
        "consoleReporter": "spec",
        "useInlineDiffs": false,
        "code": true
      },
      "version": "7.1.3"
    },
    "marge": {
      "options": {
        "charts": true,
        "overwrite": false,
        "html": false,
        "json": true,
        "reportDir": "cypress/report/mochawesome-report"
      },
      "version": "6.2.0"
    }
  }
}