{
  "stats": {
    "suites": 1,
    "tests": 6,
    "passes": 0,
    "pending": 0,
    "failures": 6,
    "start": "2024-05-14T17:01:51.349Z",
    "end": "2024-05-14T17:02:42.198Z",
    "duration": 50849,
    "testsRegistered": 6,
    "passPercent": 0,
    "pendingPercent": 0,
    "other": 0,
    "hasOther": false,
    "skipped": 0,
    "hasSkipped": false
  },
  "results": [
    {
      "uuid": "2ecfcf3c-6aee-4ea0-b69c-3b5ca61664fb",
      "title": "",
      "fullFile": "cypress\\e2e\\Booking_Appointment .cy.ts",
      "file": "cypress\\e2e\\Booking_Appointment .cy.ts",
      "beforeHooks": [],
      "afterHooks": [],
      "tests": [],
      "suites": [
        {
          "uuid": "51075bb7-1724-49ea-bfa0-1534dc15fb5e",
          "title": "Login Page",
          "fullFile": "",
          "file": "",
          "beforeHooks": [],
          "afterHooks": [],
          "tests": [
            {
              "title": "TS_01 Verify that the user is able to see all the available Doctor lists on the Booking Appointment page",
              "fullTitle": "Login Page TS_01 Verify that the user is able to see all the available Doctor lists on the Booking Appointment page",
              "timedOut": null,
              "duration": 9607,
              "state": "failed",
              "speed": null,
              "pass": false,
              "fail": true,
              "pending": false,
              "context": null,
              "code": "const data = this.LoginData; // Access fixture data using 'this'\nloginPage.Navigate(data.URL);\nloginPage.EnterUserName(data.UserName);\nloginPage.EnterPassword(data.Password);\nloginPage.LoginToWebSite();\nloginPage.DisplaySuccessLoginMessage();\nloginPage.VerifyLogIn();\nBookingAppoinment.ClickBookingAppoinmentBtn();\nBookingAppoinment.VerifyBookingAppoinmentPage();\nBookingAppoinment.CaptureTheDoctorList();",
              "err": {
                "message": "AssertionError: Timed out retrying after 4000ms: Expected to find element: `//*[contains(text(), 'Success-Login')]`, but never found it.",
                "estack": "AssertionError: Timed out retrying after 4000ms: Expected to find element: `//*[contains(text(), 'Success-Login')]`, but never found it.\n    at login_page.DisplaySuccessLoginMessage (webpack://typescript/./cypress/Pages/login_page.ts:41:0)\n    at Context.eval (webpack://typescript/./cypress/e2e/Booking_Appointment .cy.ts:26:0)",
                "diff": null
              },
              "uuid": "28e7a1eb-a2e9-48d5-b846-7784a1577c5a",
              "parentUUID": "51075bb7-1724-49ea-bfa0-1534dc15fb5e",
              "isHook": false,
              "skipped": false
            },
            {
              "title": "TS_02 Verify that the user able to select a doctor from the list ",
              "fullTitle": "Login Page TS_02 Verify that the user able to select a doctor from the list ",
              "timedOut": null,
              "duration": 7407,
              "state": "failed",
              "speed": null,
              "pass": false,
              "fail": true,
              "pending": false,
              "context": null,
              "code": "const data = this.LoginData;\nconst appoinmentdata = this.appointmentData;\nloginPage.Navigate(data.URL);\nloginPage.EnterUserName(data.UserName);\nloginPage.EnterPassword(data.Password);\nloginPage.LoginToWebSite();\nBookingAppoinment.ClickBookingAppoinmentBtn();\nBookingAppoinment.VerifyBookingAppoinmentPage();\nBookingAppoinment.CaptureTheDoctorList();\nBookingAppoinment.EnterSearchText(appoinmentdata.SearchText);\nBookingAppoinment.ClickOnSearchBtn();\nBookingAppoinment.VerifyFilterResults();\nBookingAppoinment.ClickOnCheckBoxToSelectDoctor();\nBookingAppoinment.ClickOnOkBtn();\nBookingAppoinment.CaptureSelectedDoctorDaysHrs();",
              "err": {
                "message": "AssertionError: Timed out retrying after 4000ms: Expected to find element: `//button[@name='Booking Appoinment']`, but never found it.",
                "estack": "AssertionError: Timed out retrying after 4000ms: Expected to find element: `//button[@name='Booking Appoinment']`, but never found it.\n    at Booking_Appoinment_Page.ClickBookingAppoinmentBtn (webpack://typescript/./cypress/Pages/Booking_Appoinment_Page.ts:34:0)\n    at Context.eval (webpack://typescript/./cypress/e2e/Booking_Appointment .cy.ts:39:0)",
                "diff": null
              },
              "uuid": "fa7a1290-3a5a-4efb-ad17-a2fa8b4ad69e",
              "parentUUID": "51075bb7-1724-49ea-bfa0-1534dc15fb5e",
              "isHook": false,
              "skipped": false
            },
            {
              "title": "TS_03 Verify that the user is able to select the available time slot of the relevant doctor ",
              "fullTitle": "Login Page TS_03 Verify that the user is able to select the available time slot of the relevant doctor ",
              "timedOut": null,
              "duration": 7356,
              "state": "failed",
              "speed": null,
              "pass": false,
              "fail": true,
              "pending": false,
              "context": null,
              "code": "const data = this.LoginData;\nconst appoinmentdata = this.appointmentData;\nconst Timedata = this.availableTimesData;\nloginPage.Navigate(data.URL);\nloginPage.EnterUserName(data.UserName);\nloginPage.EnterPassword(data.Password);\nloginPage.LoginToWebSite();\nBookingAppoinment.ClickBookingAppoinmentBtn();\nBookingAppoinment.VerifyBookingAppoinmentPage();\nBookingAppoinment.CaptureTheDoctorList();\nBookingAppoinment.EnterSearchText(appoinmentdata.SearchText);\nBookingAppoinment.ClickOnSearchBtn();\nBookingAppoinment.VerifyFilterResults();\nBookingAppoinment.ClickOnCheckBoxToSelectDoctor();\nBookingAppoinment.ClickOnOkBtn();\nBookingAppoinment.CaptureSelectedDoctorDaysHrs();\nBookingAppoinment.SelectConvenientDayHours();\nBookingAppoinment.ClickOnGoToTimeSlotsBtn();\nBookingAppoinment.SearchTimeSlotsTextBox(Timedata.startTime);\nBookingAppoinment.SearchTimeSlotsTextBox(Timedata.endTime);\nBookingAppoinment.ClickOnSearchBtn();\nBookingAppoinment.AvailableButtonIsPresent();",
              "err": {
                "message": "AssertionError: Timed out retrying after 4000ms: Expected to find element: `//button[@name='Booking Appoinment']`, but never found it.",
                "estack": "AssertionError: Timed out retrying after 4000ms: Expected to find element: `//button[@name='Booking Appoinment']`, but never found it.\n    at Booking_Appoinment_Page.ClickBookingAppoinmentBtn (webpack://typescript/./cypress/Pages/Booking_Appoinment_Page.ts:34:0)\n    at Context.eval (webpack://typescript/./cypress/e2e/Booking_Appointment .cy.ts:57:0)",
                "diff": null
              },
              "uuid": "89a63e78-dde3-40f8-b2f0-29c94783cecb",
              "parentUUID": "51075bb7-1724-49ea-bfa0-1534dc15fb5e",
              "isHook": false,
              "skipped": false
            },
            {
              "title": "TS_04 Verify that the user is able to see the Reserve Appointment form when clicking on the ‘Reserve Appointment’ button ",
              "fullTitle": "Login Page TS_04 Verify that the user is able to see the Reserve Appointment form when clicking on the ‘Reserve Appointment’ button ",
              "timedOut": null,
              "duration": 7563,
              "state": "failed",
              "speed": null,
              "pass": false,
              "fail": true,
              "pending": false,
              "context": null,
              "code": "const data = this.LoginData;\nconst appoinmentdata = this.appointmentData;\nconst Timedata = this.availableTimesData;\nloginPage.Navigate(data.URL);\nloginPage.EnterUserName(data.UserName);\nloginPage.EnterPassword(data.Password);\nloginPage.LoginToWebSite();\nBookingAppoinment.ClickBookingAppoinmentBtn();\nBookingAppoinment.VerifyBookingAppoinmentPage();\nBookingAppoinment.CaptureTheDoctorList();\nBookingAppoinment.EnterSearchText(appoinmentdata.SearchText);\nBookingAppoinment.ClickOnSearchBtn();\nBookingAppoinment.VerifyFilterResults();\nBookingAppoinment.ClickOnCheckBoxToSelectDoctor();\nBookingAppoinment.ClickOnOkBtn();\nBookingAppoinment.CaptureSelectedDoctorDaysHrs();\nBookingAppoinment.SelectConvenientDayHours();\nBookingAppoinment.ClickOnGoToTimeSlotsBtn();\nBookingAppoinment.SearchTimeSlotsTextBox(Timedata.startTime);\nBookingAppoinment.SearchTimeSlotsTextBox(Timedata.endTime);\nBookingAppoinment.ClickOnSearchBtn();\nBookingAppoinment.AvailableButtonIsPresent();\nBookingAppoinment.ClickReserveAppointment();\nBookingAppoinment.VerifyReserveAppoinmentPage();",
              "err": {
                "message": "AssertionError: Timed out retrying after 4000ms: Expected to find element: `//button[@name='Booking Appoinment']`, but never found it.",
                "estack": "AssertionError: Timed out retrying after 4000ms: Expected to find element: `//button[@name='Booking Appoinment']`, but never found it.\n    at Booking_Appoinment_Page.ClickBookingAppoinmentBtn (webpack://typescript/./cypress/Pages/Booking_Appoinment_Page.ts:34:0)\n    at Context.eval (webpack://typescript/./cypress/e2e/Booking_Appointment .cy.ts:81:0)",
                "diff": null
              },
              "uuid": "33e76c96-b64f-4430-a4bf-47d985527d97",
              "parentUUID": "51075bb7-1724-49ea-bfa0-1534dc15fb5e",
              "isHook": false,
              "skipped": false
            },
            {
              "title": "TS_05 Verify that the user is able to fill in the ‘Reserve Appointment’ form ",
              "fullTitle": "Login Page TS_05 Verify that the user is able to fill in the ‘Reserve Appointment’ form ",
              "timedOut": null,
              "duration": 7320,
              "state": "failed",
              "speed": null,
              "pass": false,
              "fail": true,
              "pending": false,
              "context": null,
              "code": "const data = this.LoginData;\nconst appoinmentdata = this.appointmentData;\nconst Timedata = this.availableTimesData;\nloginPage.Navigate(data.URL);\nloginPage.EnterUserName(data.UserName);\nloginPage.EnterPassword(data.Password);\nloginPage.LoginToWebSite();\nBookingAppoinment.ClickBookingAppoinmentBtn();\nBookingAppoinment.VerifyBookingAppoinmentPage();\nBookingAppoinment.CaptureTheDoctorList();\nBookingAppoinment.EnterSearchText(appoinmentdata.SearchText);\nBookingAppoinment.ClickOnSearchBtn();\nBookingAppoinment.VerifyFilterResults();\nBookingAppoinment.ClickOnCheckBoxToSelectDoctor();\nBookingAppoinment.ClickOnOkBtn();\nBookingAppoinment.CaptureSelectedDoctorDaysHrs();\nBookingAppoinment.SelectConvenientDayHours();\nBookingAppoinment.ClickOnGoToTimeSlotsBtn();\nBookingAppoinment.SearchTimeSlotsTextBox(Timedata.startTime);\nBookingAppoinment.SearchTimeSlotsTextBox(Timedata.endTime);\nBookingAppoinment.ClickOnSearchBtn();\nBookingAppoinment.AvailableButtonIsPresent();\nBookingAppoinment.ClickReserveAppointment();\nBookingAppoinment.VerifyReserveAppoinmentPage();\nBookingAppoinment.EnterNameforAppoinment(appoinmentdata.Name);\nBookingAppoinment.EnterPhoneNumforAppoinment(appoinmentdata.TelephoneNumber);\nBookingAppoinment.EnterPatientReason(appoinmentdata.Reason);\nBookingAppoinment.PressBookBtn();\nBookingAppoinment.DisplayAppoinmentSuccessMessage();",
              "err": {
                "message": "AssertionError: Timed out retrying after 4000ms: Expected to find element: `//button[@name='Booking Appoinment']`, but never found it.",
                "estack": "AssertionError: Timed out retrying after 4000ms: Expected to find element: `//button[@name='Booking Appoinment']`, but never found it.\n    at Booking_Appoinment_Page.ClickBookingAppoinmentBtn (webpack://typescript/./cypress/Pages/Booking_Appoinment_Page.ts:34:0)\n    at Context.eval (webpack://typescript/./cypress/e2e/Booking_Appointment .cy.ts:107:0)",
                "diff": null
              },
              "uuid": "aa59ceea-7f2f-45fd-9da7-79a6382b8255",
              "parentUUID": "51075bb7-1724-49ea-bfa0-1534dc15fb5e",
              "isHook": false,
              "skipped": false
            },
            {
              "title": "TS_06 Appoinment Unavailability ",
              "fullTitle": "Login Page TS_06 Appoinment Unavailability ",
              "timedOut": null,
              "duration": 7210,
              "state": "failed",
              "speed": null,
              "pass": false,
              "fail": true,
              "pending": false,
              "context": null,
              "code": "const data = this.LoginData;\nconst appoinmentdata = this.appointmentData;\nconst Timedata = this.availableTimesData;\nloginPage.Navigate(data.URL);\nloginPage.EnterUserName(data.UserName);\nloginPage.EnterPassword(data.Password);\nloginPage.LoginToWebSite();\nBookingAppoinment.ClickBookingAppoinmentBtn();\nBookingAppoinment.VerifyBookingAppoinmentPage();\nBookingAppoinment.CaptureTheDoctorList();\nBookingAppoinment.EnterSearchText(appoinmentdata.SearchText);\nBookingAppoinment.ClickOnSearchBtn();\nBookingAppoinment.VerifyFilterResults();\nBookingAppoinment.ClickOnCheckBoxToSelectDoctor();\nBookingAppoinment.ClickOnOkBtn();\nBookingAppoinment.CaptureSelectedDoctorDaysHrs();\nBookingAppoinment.SelectConvenientDayHours();\nBookingAppoinment.ClickOnGoToTimeSlotsBtn();\nBookingAppoinment.SearchTimeSlotsTextBox(Timedata.startTime);\nBookingAppoinment.SearchTimeSlotsTextBox(Timedata.endTime);\nBookingAppoinment.ClickOnSearchBtn();\nBookingAppoinment.AvailableButtonIsPresent();",
              "err": {
                "message": "AssertionError: Timed out retrying after 4000ms: Expected to find element: `//button[@name='Booking Appoinment']`, but never found it.",
                "estack": "AssertionError: Timed out retrying after 4000ms: Expected to find element: `//button[@name='Booking Appoinment']`, but never found it.\n    at Booking_Appoinment_Page.ClickBookingAppoinmentBtn (webpack://typescript/./cypress/Pages/Booking_Appoinment_Page.ts:34:0)\n    at Context.eval (webpack://typescript/./cypress/e2e/Booking_Appointment .cy.ts:138:0)",
                "diff": null
              },
              "uuid": "f7c3f8da-deb6-41ba-94e0-bb9c37391c64",
              "parentUUID": "51075bb7-1724-49ea-bfa0-1534dc15fb5e",
              "isHook": false,
              "skipped": false
            }
          ],
          "suites": [],
          "passes": [],
          "failures": [
            "28e7a1eb-a2e9-48d5-b846-7784a1577c5a",
            "fa7a1290-3a5a-4efb-ad17-a2fa8b4ad69e",
            "89a63e78-dde3-40f8-b2f0-29c94783cecb",
            "33e76c96-b64f-4430-a4bf-47d985527d97",
            "aa59ceea-7f2f-45fd-9da7-79a6382b8255",
            "f7c3f8da-deb6-41ba-94e0-bb9c37391c64"
          ],
          "pending": [],
          "skipped": [],
          "duration": 46463,
          "root": false,
          "rootEmpty": false,
          "_timeout": 2000
        }
      ],
      "passes": [],
      "failures": [],
      "pending": [],
      "skipped": [],
      "duration": 0,
      "root": true,
      "rootEmpty": true,
      "_timeout": 2000
    }
  ],
  "meta": {
    "mocha": {
      "version": "7.0.1"
    },
    "mochawesome": {
      "options": {
        "quiet": false,
        "reportFilename": "mochawesome",
        "saveHtml": false,
        "saveJson": true,
        "consoleReporter": "spec",
        "useInlineDiffs": false,
        "code": true
      },
      "version": "7.1.3"
    },
    "marge": {
      "options": {
        "charts": true,
        "overwrite": false,
        "html": false,
        "json": true,
        "reportDir": "cypress/report/mochawesome-report"
      },
      "version": "6.2.0"
    }
  }
}