{
  "stats": {
    "suites": 1,
    "tests": 2,
    "passes": 1,
    "pending": 0,
    "failures": 1,
    "start": "2024-05-14T19:01:46.220Z",
    "end": "2024-05-14T19:02:18.474Z",
    "duration": 32254,
    "testsRegistered": 2,
    "passPercent": 50,
    "pendingPercent": 0,
    "other": 0,
    "hasOther": false,
    "skipped": 0,
    "hasSkipped": false
  },
  "results": [
    {
      "uuid": "ae6407e1-f962-4bbb-a43b-b197554dd000",
      "title": "",
      "fullFile": "cypress\\e2e\\viewport.cy.ts",
      "file": "cypress\\e2e\\viewport.cy.ts",
      "beforeHooks": [],
      "afterHooks": [],
      "tests": [],
      "suites": [
        {
          "uuid": "bbcd4e80-b3c2-426d-95d6-15ca2ad8ed88",
          "title": "Testing view port",
          "fullFile": "",
          "file": "",
          "beforeHooks": [],
          "afterHooks": [],
          "tests": [
            {
              "title": "Testing ipad-6 view port",
              "fullTitle": "Testing view port Testing ipad-6 view port",
              "timedOut": null,
              "duration": 6504,
              "state": "passed",
              "speed": "medium",
              "pass": true,
              "fail": false,
              "pending": false,
              "context": null,
              "code": "cy.viewport(\"iphone-6\");\ncy.screenshot();",
              "err": {},
              "uuid": "d7fac06c-98b0-4df3-a2e1-321656302300",
              "parentUUID": "bbcd4e80-b3c2-426d-95d6-15ca2ad8ed88",
              "isHook": false,
              "skipped": false
            },
            {
              "title": "Testing ipad-6 view port",
              "fullTitle": "Testing view port Testing ipad-6 view port",
              "timedOut": null,
              "duration": 21759,
              "state": "failed",
              "speed": null,
              "pass": false,
              "fail": true,
              "pending": false,
              "context": null,
              "code": "cy.viewport(\"macbook-13\");\ncy.screenshot();",
              "err": {
                "message": "CypressError: `cy.visit()` failed trying to load:\n\nhttp://www.google.com/\n\nWe attempted to make an http request to this URL but the request failed without a response.\n\nWe received this error at the network level:\n\n  > Error: connect ETIMEDOUT 2001:4860:4802:32::78:80\n\nCommon situations why this would fail:\n  - you don't have internet access\n  - you forgot to run / boot your web server\n  - your web server isn't accessible\n  - you have weird network configuration settings on your computer\n\nBecause this error occurred during a `before each` hook we are skipping the remaining tests in the current suite: `Testing view port`",
                "estack": "CypressError: `cy.visit()` failed trying to load:\n\nhttp://www.google.com/\n\nWe attempted to make an http request to this URL but the request failed without a response.\n\nWe received this error at the network level:\n\n    at <unknown> (  > Error: connect ETIMEDOUT 2001:4860:4802:32::78:80)\n\nCommon situations why this would fail:\n- you don't have internet access\n- you forgot to run / boot your web server\n- your web server isn't accessible\n- you have weird network configuration settings on your computer\n    at <unknown> (https://www.google.com/__cypress/runner/cypress_runner.js:131352:74)\n    at visitFailedByErr (https://www.google.com/__cypress/runner/cypress_runner.js:130744:12)\n    at <unknown> (https://www.google.com/__cypress/runner/cypress_runner.js:131351:11)\n    at tryCatcher (https://www.google.com/__cypress/runner/cypress_runner.js:1807:23)\n    at Promise._settlePromiseFromHandler (https://www.google.com/__cypress/runner/cypress_runner.js:1519:31)\n    at Promise._settlePromise (https://www.google.com/__cypress/runner/cypress_runner.js:1576:18)\n    at Promise._settlePromise0 (https://www.google.com/__cypress/runner/cypress_runner.js:1621:10)\n    at Promise._settlePromises (https://www.google.com/__cypress/runner/cypress_runner.js:1697:18)\n    at _drainQueueStep (https://www.google.com/__cypress/runner/cypress_runner.js:2407:12)\n    at _drainQueue (https://www.google.com/__cypress/runner/cypress_runner.js:2400:9)\n    at Async._drainQueues (https://www.google.com/__cypress/runner/cypress_runner.js:2416:5)\n    at Async.drainQueues (https://www.google.com/__cypress/runner/cypress_runner.js:2286:14)\nFrom Your Spec Code:\n    at Context.eval (webpack://typescript/./cypress/e2e/viewport.cy.ts:4:0)\n\nFrom Node.js Internals:\n    at <unknown> (      Error: connect ETIMEDOUT 2001:4860:4802:32::78:80)\n    at TCPConnectWrap.afterConnect [as oncomplete] (node:net:1494:16)",
                "diff": null
              },
              "uuid": "c4875961-40e6-4d68-9472-fb44be8cb8ef",
              "parentUUID": "bbcd4e80-b3c2-426d-95d6-15ca2ad8ed88",
              "isHook": false,
              "skipped": false
            }
          ],
          "suites": [],
          "passes": [
            "d7fac06c-98b0-4df3-a2e1-321656302300"
          ],
          "failures": [
            "c4875961-40e6-4d68-9472-fb44be8cb8ef"
          ],
          "pending": [],
          "skipped": [],
          "duration": 28263,
          "root": false,
          "rootEmpty": false,
          "_timeout": 2000
        }
      ],
      "passes": [],
      "failures": [],
      "pending": [],
      "skipped": [],
      "duration": 0,
      "root": true,
      "rootEmpty": true,
      "_timeout": 2000
    }
  ],
  "meta": {
    "mocha": {
      "version": "7.0.1"
    },
    "mochawesome": {
      "options": {
        "quiet": false,
        "reportFilename": "mochawesome",
        "saveHtml": false,
        "saveJson": true,
        "consoleReporter": "spec",
        "useInlineDiffs": false,
        "code": true
      },
      "version": "7.1.3"
    },
    "marge": {
      "options": {
        "charts": true,
        "overwrite": false,
        "html": false,
        "json": true,
        "reportDir": "cypress/report/mochawesome-report"
      },
      "version": "6.2.0"
    }
  }
}