{
  "stats": {
    "suites": 1,
    "tests": 2,
    "passes": 2,
    "pending": 0,
    "failures": 0,
    "start": "2024-05-14T19:05:08.805Z",
    "end": "2024-05-14T19:05:19.290Z",
    "duration": 10485,
    "testsRegistered": 2,
    "passPercent": 100,
    "pendingPercent": 0,
    "other": 0,
    "hasOther": false,
    "skipped": 0,
    "hasSkipped": false
  },
  "results": [
    {
      "uuid": "d6857968-a97e-4ef9-b3a7-f70b958eb3a3",
      "title": "",
      "fullFile": "cypress\\e2e\\viewport.cy.ts",
      "file": "cypress\\e2e\\viewport.cy.ts",
      "beforeHooks": [],
      "afterHooks": [],
      "tests": [],
      "suites": [
        {
          "uuid": "1f7f00da-8215-4941-945c-28c54a3b3463",
          "title": "Testing view port",
          "fullFile": "",
          "file": "",
          "beforeHooks": [],
          "afterHooks": [],
          "tests": [
            {
              "title": "Testing ipad-6 view port",
              "fullTitle": "Testing view port Testing ipad-6 view port",
              "timedOut": null,
              "duration": 4151,
              "state": "passed",
              "speed": "fast",
              "pass": true,
              "fail": false,
              "pending": false,
              "context": null,
              "code": "cy.viewport(\"iphone-6\");\ncy.screenshot();",
              "err": {},
              "uuid": "df6c4e1b-8dec-437d-9550-cfb1e88b5b51",
              "parentUUID": "1f7f00da-8215-4941-945c-28c54a3b3463",
              "isHook": false,
              "skipped": false
            },
            {
              "title": "Testing ipad-6 view port",
              "fullTitle": "Testing view port Testing ipad-6 view port",
              "timedOut": null,
              "duration": 2315,
              "state": "passed",
              "speed": "fast",
              "pass": true,
              "fail": false,
              "pending": false,
              "context": null,
              "code": "cy.viewport(\"macbook-13\");\ncy.screenshot();",
              "err": {},
              "uuid": "6343a668-3e8f-4402-a68e-bb872713ef65",
              "parentUUID": "1f7f00da-8215-4941-945c-28c54a3b3463",
              "isHook": false,
              "skipped": false
            }
          ],
          "suites": [],
          "passes": [
            "df6c4e1b-8dec-437d-9550-cfb1e88b5b51",
            "6343a668-3e8f-4402-a68e-bb872713ef65"
          ],
          "failures": [],
          "pending": [],
          "skipped": [],
          "duration": 6466,
          "root": false,
          "rootEmpty": false,
          "_timeout": 2000
        }
      ],
      "passes": [],
      "failures": [],
      "pending": [],
      "skipped": [],
      "duration": 0,
      "root": true,
      "rootEmpty": true,
      "_timeout": 2000
    }
  ],
  "meta": {
    "mocha": {
      "version": "7.0.1"
    },
    "mochawesome": {
      "options": {
        "quiet": false,
        "reportFilename": "mochawesome",
        "saveHtml": false,
        "saveJson": true,
        "consoleReporter": "spec",
        "useInlineDiffs": false,
        "code": true
      },
      "version": "7.1.3"
    },
    "marge": {
      "options": {
        "charts": true,
        "overwrite": false,
        "html": false,
        "json": true,
        "reportDir": "cypress/report/mochawesome-report"
      },
      "version": "6.2.0"
    }
  }
}